<?xml version="1.0" encoding="UTF-8"?>
<!-- Generated by org.testng.reporters.JUnitXMLReporter -->
<testsuite ignored="0" hostname="OF060WGM2KN41ND" failures="1" tests="1" name="Surefire test" time="5.245" errors="0" timestamp="2025-08-07T23:12:46 IST">
  <testcase classname="io.cucumber.testng.AbstractTestNGCucumberTests" name="runScenario" time="5.002">
    <failure type="java.lang.AssertionError" message="Force failure to check retry mechanism expected [true] but found [false]">
      <![CDATA[java.lang.AssertionError: Force failure to check retry mechanism expected [true] but found [false]
at stepdefs.LoginSteps.should_be_on_product_page(LoginSteps.java:41)
at ✽.User should be navigated to the products page(file:///Users/zop8764/Documents/Repo/saucedemo-automation/src/test/resources/features/Login.feature:8)
... Removed 3 stack frames]]>
    </failure>
  </testcase> <!-- runScenario -->
</testsuite> <!-- Surefire test -->
