<?xml version="1.0" encoding="UTF-8"?>
<testsuite xmlns:xsi="http://www.w3.org/2001/XMLSchema-instance" xsi:noNamespaceSchemaLocation="https://maven.apache.org/surefire/maven-surefire-plugin/xsd/surefire-test-report-3.0.xsd" version="3.0" name="runners.TestRunner" time="6.337" tests="5" errors="0" skipped="0" failures="5">
  <properties>
[...]
</properties>
  <testcase name="runScenario[&quot;Add first product to cart&quot;, &quot;Add to cart&quot;](2)" classname="runners.TestRunner" time="4.883">
    <failure message="Cannot invoke &quot;com.aventstack.extentreports.ExtentTest.log(com.aventstack.extentreports.Status, String)&quot; because &quot;test&quot; is null" type="java.lang.NullPointerException"><![CDATA[java.lang.NullPointerException: Cannot invoke "com.aventstack.extentreports.ExtentTest.log(com.aventstack.extentreports.Status, String)" because "test" is null
	at hooks.StepListener.afterStep(StepListener.java:32)
]]></failure>
    <system-out><![CDATA[
@smoke @negative
Scenario Outline: Invalid login shows error                                   # file:///Users/zop8764/Documents/Repo/saucedemo-automation/src/test/resources/features/Login.feature:17

@smoke
Scenario: Valid login                        # file:///Users/zop8764/Documents/Repo/saucedemo-automation/src/test/resources/features/Login.feature:4

@smoke @regression
Scenario: Complete a product checkout         # file:///Users/zop8764/Documents/Repo/saucedemo-automation/src/test/resources/features/Checkout.feature:4

@smoke @negative
Scenario Outline: Invalid login shows error                                       # file:///Users/zop8764/Documents/Repo/saucedemo-automation/src/test/resources/features/Login.feature:18

@smoke
Scenario: Add first product to cart          # file:///Users/zop8764/Documents/Repo/saucedemo-automation/src/test/resources/features/AddToCart.feature:4
  ✔ Given user is on the login page                                               # stepdefs.LoginSteps.user_is_on_the_login_page()
        java.lang.NullPointerException: Cannot invoke "com.aventstack.extentreports.ExtentTest.log(com.aventstack.extentreports.Status, String)" because "test" is null
        	at hooks.StepListener.afterStep(StepListener.java:32)
  ↷ When user logs in with username "locked_out_user" and password "secret_sauce" # stepdefs.LoginSteps.user_logs_in_with_username_and_password(java.lang.String,java.lang.String)
  ↷ Then login error message should be visible                                    # stepdefs.LoginSteps.login_error_message_should_be_visible()
  ✔ Given user is on the login page          # stepdefs.LoginSteps.user_is_on_the_login_page()
        java.lang.NullPointerException: Cannot invoke "com.aventstack.extentreports.ExtentTest.log(com.aventstack.extentreports.Status, String)" because "test" is null
        	at hooks.StepListener.afterStep(StepListener.java:32)
  ↷ When user logs in with valid credentials # stepdefs.LoginSteps.user_logs_in_with_valid_credentials()
  ↷ Then user should land on Products page   # stepdefs.LoginSteps.user_should_land_on_products_page()
  ↷ And user adds the first product to cart  # stepdefs.CartSteps.user_adds_the_first_product_to_cart()
  ↷ And user navigates to cart               # stepdefs.CartSteps.user_navigates_to_cart()

        Embedding Invalid login shows error [image/png 83820 bytes]


        Embedding Add first product to cart [image/png 83820 bytes]

  ✔ Given user is on the login page                                           # stepdefs.LoginSteps.user_is_on_the_login_page()
        java.lang.NullPointerException: Cannot invoke "com.aventstack.extentreports.ExtentTest.log(com.aventstack.extentreports.Status, String)" because "test" is null
        	at hooks.StepListener.afterStep(StepListener.java:32)
  ↷ When user logs in with username "standard_user" and password "wrong_pass" # stepdefs.LoginSteps.user_logs_in_with_username_and_password(java.lang.String,java.lang.String)
  ↷ Then login error message should be visible                                # stepdefs.LoginSteps.login_error_message_should_be_visible()
  ✔ Given user is on the login page          # stepdefs.LoginSteps.user_is_on_the_login_page()
        java.lang.NullPointerException: Cannot invoke "com.aventstack.extentreports.ExtentTest.log(com.aventstack.extentreports.Status, String)" because "test" is null
        	at hooks.StepListener.afterStep(StepListener.java:32)
  ↷ When user logs in with valid credentials # stepdefs.LoginSteps.user_logs_in_with_valid_credentials()
  ↷ Then user should land on Products page   # stepdefs.LoginSteps.user_should_land_on_products_page()

        Embedding Invalid login shows error [image/png 83820 bytes]

]]></system-out>
    <system-err><![CDATA[SLF4J(W): No SLF4J providers were found.
SLF4J(W): Defaulting to no-operation (NOP) logger implementation
SLF4J(W): See https://www.slf4j.org/codes.html#noProviders for further details.
]]></system-err>
  </testcase>
  <testcase name="runScenario[&quot;Invalid login shows error&quot;, &quot;Login&quot;](2)" classname="runners.TestRunner" time="4.886">
    <failure message="Cannot invoke &quot;com.aventstack.extentreports.ExtentTest.log(com.aventstack.extentreports.Status, String)&quot; because &quot;test&quot; is null" type="java.lang.NullPointerException"><![CDATA[java.lang.NullPointerException: Cannot invoke "com.aventstack.extentreports.ExtentTest.log(com.aventstack.extentreports.Status, String)" because "test" is null
	at hooks.StepListener.afterStep(StepListener.java:32)
]]></failure>
  </testcase>
  <testcase name="runScenario[&quot;Valid login&quot;, &quot;Login&quot;](3)" classname="runners.TestRunner" time="5.302">
    <failure message="Cannot invoke &quot;com.aventstack.extentreports.ExtentTest.log(com.aventstack.extentreports.Status, String)&quot; because &quot;test&quot; is null" type="java.lang.NullPointerException"><![CDATA[java.lang.NullPointerException: Cannot invoke "com.aventstack.extentreports.ExtentTest.log(com.aventstack.extentreports.Status, String)" because "test" is null
	at hooks.StepListener.afterStep(StepListener.java:32)
]]></failure>
    <system-out><![CDATA[
        Embedding Valid login [image/png 83820 bytes]

]]></system-out>
  </testcase>
  <testcase name="runScenario[&quot;Invalid login shows error&quot;, &quot;Login&quot;](4)" classname="runners.TestRunner" time="5.305">
    <failure message="Cannot invoke &quot;com.aventstack.extentreports.ExtentTest.log(com.aventstack.extentreports.Status, String)&quot; because &quot;test&quot; is null" type="java.lang.NullPointerException"><![CDATA[java.lang.NullPointerException: Cannot invoke "com.aventstack.extentreports.ExtentTest.log(com.aventstack.extentreports.Status, String)" because "test" is null
	at hooks.StepListener.afterStep(StepListener.java:32)
]]></failure>
  </testcase>
  <testcase name="runScenario[&quot;Complete a product checkout&quot;, &quot;Checkout Process&quot;](5)" classname="runners.TestRunner" time="5.89">
    <failure message="Cannot invoke &quot;com.aventstack.extentreports.ExtentTest.log(com.aventstack.extentreports.Status, String)&quot; because &quot;test&quot; is null" type="java.lang.NullPointerException"><![CDATA[java.lang.NullPointerException: Cannot invoke "com.aventstack.extentreports.ExtentTest.log(com.aventstack.extentreports.Status, String)" because "test" is null
	at hooks.StepListener.afterStep(StepListener.java:32)
]]></failure>
    <system-out><![CDATA[  ✔ Given user is on the login page           # stepdefs.LoginSteps.user_is_on_the_login_page()
        java.lang.NullPointerException: Cannot invoke "com.aventstack.extentreports.ExtentTest.log(com.aventstack.extentreports.Status, String)" because "test" is null
        	at hooks.StepListener.afterStep(StepListener.java:32)
  ↷ When user logs in with valid credentials  # stepdefs.LoginSteps.user_logs_in_with_valid_credentials()
  ↷ Then user should land on Products page    # stepdefs.LoginSteps.user_should_land_on_products_page()
  ↷ And user adds the first product to cart   # stepdefs.CartSteps.user_adds_the_first_product_to_cart()
  ↷ And user navigates to cart                # stepdefs.CartSteps.user_navigates_to_cart()
  ↷ And user proceeds to checkout             # stepdefs.CheckoutSteps.user_proceeds_to_checkout()
  ↷ When user provides valid checkout details # stepdefs.CheckoutSteps.user_provides_valid_checkout_details()
  ↷ And user finishes the checkout            # stepdefs.CheckoutSteps.user_finishes_the_checkout()
  ↷ Then user should see order confirmation   # stepdefs.CheckoutSteps.user_should_see_order_confirmation()

        Embedding Complete a product checkout [image/png 83820 bytes]

]]></system-out>
  </testcase>
</testsuite>